Log file open, 06/17/17 14:19:31
LogInit:Display: Running engine for game: VRZaliczenie
LogPlatformFile: Not using cached read wrapper
LogInit:Display: RandInit(301337282) SRandInit(301337282).
LogTaskGraph: Started task graph with 5 named threads and 8 total threads with 1 sets of task threads.
LogStats: Stats thread started at 0.083008
LogInit: Using libcurl 7.47.1
LogInit:  - built for x86_64-pc-win32
LogInit:  - supports SSL with OpenSSL/1.0.2g
LogInit:  - supports HTTP deflate (compression) using libz 1.2.8
LogInit:  - other features:
LogInit:      CURL_VERSION_SSL
LogInit:      CURL_VERSION_LIBZ
LogInit:      CURL_VERSION_IPV6
LogInit:      CURL_VERSION_ASYNCHDNS
LogInit:      CURL_VERSION_LARGEFILE
LogInit:      CURL_VERSION_IDN
LogInit:  CurlRequestOptions (configurable via config and command line):
LogInit:  - bVerifyPeer = false  - Libcurl will NOT verify peer certificate
LogInit:  - bUseHttpProxy = false  - Libcurl will NOT use HTTP proxy
LogInit:  - bDontReuseConnections = false  - Libcurl will reuse connections
LogInit:  - CertBundlePath = nullptr  - Libcurl will use whatever was configured at build time.
LogInit: Build: ++UE4+Release-4.15-CL-3299760
LogInit: Engine Version: 4.15.0-3299760+++UE4+Release-4.15
LogInit: Compatible Engine Version: 4.15.0-3299760+++UE4+Release-4.15
LogInit: Net CL: 3299760
LogDevObjectVersion: Number of dev versions registered: 14
LogDevObjectVersion:   Dev-Blueprints (B0D832E4-1F89-4F0D-ACCF-7EB736FD4AA2): 8
LogDevObjectVersion:   Dev-Build (E1C64328-A22C-4D53-A36C-8E866417BD8C): 0
LogDevObjectVersion:   Dev-Core (375EC13C-06E4-48FB-B500-84F0262A717E): 2
LogDevObjectVersion:   Dev-Editor (E4B068ED-F494-42E9-A231-DA0B2E46BB41): 14
LogDevObjectVersion:   Dev-Framework (CFFC743F-43B0-4480-9391-14DF171D2073): 22
LogDevObjectVersion:   Dev-Mobile (B02B49B5-BB20-44E9-A304-32B752E40360): 0
LogDevObjectVersion:   Dev-Networking (A4E4105C-59A1-49B5-A7C5-40C4547EDFEE): 0
LogDevObjectVersion:   Dev-Online (39C831C9-5AE6-47DC-9A44-9C173E1C8E7C): 0
LogDevObjectVersion:   Dev-Physics (78F01B33-EBEA-4F98-B9B4-84EACCB95AA2): 0
LogDevObjectVersion:   Dev-Platform (6631380F-2D4D-43E0-8009-CF276956A95A): 0
LogDevObjectVersion:   Dev-Rendering (12F88B9F-8875-4AFC-A67C-D90C383ABD29): 12
LogDevObjectVersion:   Dev-Sequencer (7B5AE74C-D270-4C10-A958-57980B212A5A): 3
LogDevObjectVersion:   Dev-VR (D7296918-1DD6-4BDD-9DE2-64A83CC13884): 0
LogDevObjectVersion:   Dev-LoadTimes (C2A15278-BFE7-4AFE-6C17-90FF531DF755): 1
LogInit: Compiled (64-bit): Feb 14 2017 02:04:14
LogInit: Compiled with Visual C++: 19.00.23026.00
LogInit: Build Configuration: Development
LogInit: Branch Name: ++UE4+Release-4.15
LogInit: Command line: -EpicPortal 
LogInit: Base directory: D:/Program Files/Unreal Engine/UE_4.15/Engine/Binaries/Win64/
LogInit: Installed Engine Build: 1
LogInit: Presizing for max 8388607 objects, including 0 objects not considered by GC, pre-allocating 0 bytes for permanent pool.
LogInit: Object subsystem initialized
[2017.06.17-12.19.32:033][  0]LogConsoleManager:Display: Setting the console variable 'r.RHICmdBypass' with 'SetByProjectSetting' was ignored as it is lower priority than the previous 'SetBySystemSettingsIni'. Value remains '1'
[2017.06.17-12.19.32:036][  0]LogInit: Selected Device Profile: [Windows]
[2017.06.17-12.19.32:036][  0]LogInit: Applying CVar settings loaded from the selected device profile: [Windows]
[2017.06.17-12.19.32:045][  0]LogInit: Computer: PC-KOMPUTER
[2017.06.17-12.19.32:045][  0]LogInit: User: Łukasz
[2017.06.17-12.19.32:045][  0]LogInit: CPU Page size=65536, Cores=4
[2017.06.17-12.19.32:045][  0]LogInit: High frequency timer resolution =3.117783 MHz
[2017.06.17-12.19.32:045][  0]LogMemory: Memory total: Physical=15.9GB (16GB approx)
[2017.06.17-12.19.32:045][  0]LogMemory: Platform Memory Stats for Windows
[2017.06.17-12.19.32:045][  0]LogMemory: Process Physical Memory: 262.98 MB used, 262.98 MB peak
[2017.06.17-12.19.32:045][  0]LogMemory: Process Virtual Memory: 262.19 MB used, 262.19 MB peak
[2017.06.17-12.19.32:045][  0]LogMemory: Physical Memory: 7033.49 MB used,  9293.31 MB free, 16326.80 MB total
[2017.06.17-12.19.32:045][  0]LogMemory: Virtual Memory: 643.58 MB used,  9293.31 MB free, 134217728.00 MB total
[2017.06.17-12.19.32:133][  0]LogTextLocalizationManager: No translations for ('pl-PL') exist, falling back to 'en' for localization and internationalization data.
[2017.06.17-12.19.33:030][  0]LogD3D11RHI: D3D11 adapters:
[2017.06.17-12.19.33:640][  0]LogD3D11RHI:    0. 'NVIDIA GeForce GTX 970' (Feature Level 11_0)
[2017.06.17-12.19.33:640][  0]LogD3D11RHI:       4059/0/8163 MB DedicatedVideo/DedicatedSystem/SharedSystem, Outputs:1, VendorId:0x10de
[2017.06.17-12.19.33:642][  0]LogD3D11RHI:    1. 'Microsoft Basic Render Driver' (Feature Level 11_0)
[2017.06.17-12.19.33:642][  0]LogD3D11RHI:       0/0/8163 MB DedicatedVideo/DedicatedSystem/SharedSystem, Outputs:0, VendorId:0x1414
[2017.06.17-12.19.33:642][  0]LogD3D11RHI: Chosen D3D11 Adapter: 0
[2017.06.17-12.19.33:647][  0]LogD3D11RHI: Creating new Direct3DDevice
[2017.06.17-12.19.33:647][  0]LogD3D11RHI:     GPU DeviceId: 0x13c2 (for the marketing name, search the web for "GPU Device Id")
[2017.06.17-12.19.33:647][  0]LogWindows: EnumDisplayDevices:
[2017.06.17-12.19.33:647][  0]LogWindows:    0. 'NVIDIA GeForce GTX 970' (P:1 D:1)
[2017.06.17-12.19.33:647][  0]LogWindows:    1. 'NVIDIA GeForce GTX 970' (P:0 D:0)
[2017.06.17-12.19.33:647][  0]LogWindows:    2. 'NVIDIA GeForce GTX 970' (P:0 D:0)
[2017.06.17-12.19.33:647][  0]LogWindows:    3. 'NVIDIA GeForce GTX 970' (P:0 D:0)
[2017.06.17-12.19.33:647][  0]LogWindows: DebugString: FoundDriverCount:4 
[2017.06.17-12.19.33:647][  0]LogD3D11RHI:     Adapter Name: NVIDIA GeForce GTX 970
[2017.06.17-12.19.33:647][  0]LogD3D11RHI:   Driver Version: 382.53 (internal:22.21.13.8253, unified:382.53)
[2017.06.17-12.19.33:647][  0]LogD3D11RHI:      Driver Date: 6-7-2017
[2017.06.17-12.19.33:647][  0]LogRHI: Texture pool is 1361 MB (70% of 1945 MB)
[2017.06.17-12.19.34:220][  0]LogD3D11RHI: Async texture creation enabled
[2017.06.17-12.19.34:325][  0]LogD3D11RHI: GPU Timing Frequency: 1000.000000 (Debug: 2 1)
[2017.06.17-12.19.34:374][  0]LogShaderCompilers: Guid format shader working directory is 5 characters bigger than the processId version (../../../Unreal Porjects/VRZaliczenie/Intermediate/Shaders/WorkingDirectory/14824/).
[2017.06.17-12.19.34:374][  0]LogShaderCompilers: Cleaned the shader compiler working directory 'C:/Users/PC/AppData/Local/Temp/UnrealShaderWorkingDir/710978FD4628163A64F44AB4A1089C3A/'.
[2017.06.17-12.19.34:374][  0]LogShaderCompilers:Display: Using Local Shader Compiler.
[2017.06.17-12.19.35:474][  0]LogTemp:Display: Loaded TP AllDesktopTargetPlatform
[2017.06.17-12.19.35:536][  0]LogTemp:Display: Loaded TP MacClientTargetPlatform
[2017.06.17-12.19.35:592][  0]LogTemp:Display: Loaded TP MacNoEditorTargetPlatform
[2017.06.17-12.19.35:649][  0]LogTemp:Display: Loaded TP MacServerTargetPlatform
[2017.06.17-12.19.35:706][  0]LogTemp:Display: Loaded TP MacTargetPlatform
[2017.06.17-12.19.35:764][  0]LogTemp:Display: Loaded TP WindowsClientTargetPlatform
[2017.06.17-12.19.35:824][  0]LogTemp:Display: Loaded TP WindowsNoEditorTargetPlatform
[2017.06.17-12.19.35:883][  0]LogTemp:Display: Loaded TP WindowsServerTargetPlatform
[2017.06.17-12.19.35:932][  0]LogTemp:Display: Loaded TP WindowsTargetPlatform
[2017.06.17-12.19.35:989][  0]LogTemp:Display: Loaded TP AndroidTargetPlatform
[2017.06.17-12.19.36:047][  0]LogTemp:Display: Loaded TP Android_ASTCTargetPlatform
[2017.06.17-12.19.36:104][  0]LogTemp:Display: Loaded TP Android_ATCTargetPlatform
[2017.06.17-12.19.36:162][  0]LogTemp:Display: Loaded TP Android_DXTTargetPlatform
[2017.06.17-12.19.36:221][  0]LogTemp:Display: Loaded TP Android_ETC1TargetPlatform
[2017.06.17-12.19.36:279][  0]LogTemp:Display: Loaded TP Android_ETC2TargetPlatform
[2017.06.17-12.19.36:394][  0]LogTemp:Display: Loaded TP Android_MultiTargetPlatform
[2017.06.17-12.19.36:394][  0]LogTemp:Display: Loaded TP Android_PVRTCTargetPlatform
[2017.06.17-12.19.36:436][  0]LogTemp:Display: Loaded TP HTML5TargetPlatform
[2017.06.17-12.19.36:534][  0]LogTemp:Display: Loaded TP IOSTargetPlatform
[2017.06.17-12.19.36:566][  0]LogTemp:Display: Loaded TP TVOSTargetPlatform
[2017.06.17-12.19.36:623][  0]LogTemp:Display: Loaded TP LinuxClientTargetPlatform
[2017.06.17-12.19.36:679][  0]LogTemp:Display: Loaded TP LinuxNoEditorTargetPlatform
[2017.06.17-12.19.36:734][  0]LogTemp:Display: Loaded TP LinuxServerTargetPlatform
[2017.06.17-12.19.36:788][  0]LogTemp:Display: Loaded TP LinuxTargetPlatform
[2017.06.17-12.19.36:788][  0]LogTargetPlatformManager:Display: Building Assets For Windows
[2017.06.17-12.19.37:199][  0]LogDerivedDataCache:Display: Max Cache Size: 512 MB
[2017.06.17-12.19.37:256][  0]LogDerivedDataCache: Loaded boot cache 0.06s 61MB C:/Users/PC/AppData/Local/UnrealEngine/4.15/DerivedDataCache/Boot.ddc.
[2017.06.17-12.19.37:256][  0]LogDerivedDataCache:Display: Loaded Boot cache: C:/Users/PC/AppData/Local/UnrealEngine/4.15/DerivedDataCache/Boot.ddc
[2017.06.17-12.19.37:256][  0]LogDerivedDataCache: FDerivedDataBackendGraph:  Pak pak cache file ../../../Unreal Porjects/VRZaliczenie/DerivedDataCache/DDC.ddp not found, will not use a pak cache.
[2017.06.17-12.19.37:256][  0]LogDerivedDataCache: Unable to find inner node Pak for hierarchical cache Hierarchy.
[2017.06.17-12.19.37:256][  0]LogDerivedDataCache: FDerivedDataBackendGraph:  CompressedPak pak cache file ../../../Unreal Porjects/VRZaliczenie/DerivedDataCache/Compressed.ddp not found, will not use a pak cache.
[2017.06.17-12.19.37:256][  0]LogDerivedDataCache: Unable to find inner node CompressedPak for hierarchical cache Hierarchy.
[2017.06.17-12.19.37:275][  0]LogDerivedDataCache:Display: Pak cache opened for reading ../../../Engine/DerivedDataCache/Compressed.ddp.
[2017.06.17-12.19.37:287][  0]LogDerivedDataCache: Using Local data cache path C:/Users/PC/AppData/Local/UnrealEngine/Common/DerivedDataCache: Writable
[2017.06.17-12.19.37:296][  0]LogSlate: Using Freetype 2.6.0
[2017.06.17-12.19.37:297][  0]LogSlate: SlateFontCache - WITH_FREETYPE: 1, WITH_HARFBUZZ: 1
[2017.06.17-12.19.37:297][  0]LogSlate: SlateFontCache - WITH_FREETYPE: 1, WITH_HARFBUZZ: 1
[2017.06.17-12.19.37:597][  0]LogInit: Selected Device Profile: [Windows]
[2017.06.17-12.19.37:599][  0]LogContentStreaming: Texture pool size is 0.00 MB
[2017.06.17-12.19.37:823][  0]LogMeshUtilities: Using QuadricMeshReduction for automatic static mesh reduction
[2017.06.17-12.19.37:868][  0]LogSimplygon: Simplygon DLL not present - disabling.
[2017.06.17-12.19.37:927][  0]LogMeshUtilities: Using SimplygonSwarm for distributed automatic mesh merging
[2017.06.17-12.19.37:927][  0]LogMeshUtilities: No automatic skeletal mesh reduction module available
[2017.06.17-12.19.37:927][  0]LogMeshUtilities: No automatic mesh merging module available
[2017.06.17-12.19.38:452][  0]LogNetVersion: GetLocalNetworkVersion: CL: 3299760, ProjectName: vrzaliczenie, ProjectVersion: , EngineNetworkVersion: 2, GameNetworkVersion: 0, NetworkChecksum: 2145750629
[2017.06.17-12.19.38:496][  0]LogAssetRegistry: FAssetRegistry took 0.0223 seconds to start up
[2017.06.17-12.19.38:527][  0]LogPackageLocalizationCache: Processed 3 localized package path(s) for 1 prioritized culture(s) in 0.014055 seconds
[2017.06.17-12.19.38:532][  0]LogUObjectArray: 32475 objects as part of root set at end of initial load.
[2017.06.17-12.19.38:532][  0]LogUObjectAllocator: 7073360 out of 0 bytes used by permanent object pool.
[2017.06.17-12.19.38:532][  0]LogUObjectArray: CloseDisregardForGC: 0/0 objects in disregard for GC pool
[2017.06.17-12.19.38:584][  0]LogInit: WinSock: version 1.1 (2.2), MaxSocks=32767, MaxUdp=65467
[2017.06.17-12.19.40:502][  0]LogTcpMessaging: Initializing TcpMessaging bridge
[2017.06.17-12.19.40:546][  0]LogUdpMessaging: Initializing bridge on interface 0.0.0.0:0 to multicast group 230.0.0.1:6666.
[2017.06.17-12.19.41:030][  0]LogMaterial: Uniform references updated for custom material expression Custom.
[2017.06.17-12.19.41:433][  0]SourceControl: Info Source control is disabled
[2017.06.17-12.19.41:434][  0]SourceControl: Info Source control is disabled
[2017.06.17-12.19.41:487][  0]SourceControl: Info Source control is disabled
[2017.06.17-12.19.41:540][  0]SourceControl: Info Source control is disabled
[2017.06.17-12.19.42:918][  0]LogEngine: Initializing Engine...
[2017.06.17-12.19.42:918][  0]LogHMD: Failed to initialize OpenVR with code 110
[2017.06.17-12.19.43:146][  0]LogAIModule: Creating AISystem for world Untitled
[2017.06.17-12.19.43:155][  0]LogInit: XAudio2 using 'Głośniki (USB PnP Sound Device)' : 2 channels at 44.1 kHz using 16 bits per sample (channel mask 0x3)
[2017.06.17-12.19.43:172][  0]LogInit: FAudioDevice initialized.
[2017.06.17-12.19.43:202][  0]LogDerivedDataCache: Saved boot cache 0.03s 61MB C:/Users/PC/AppData/Local/UnrealEngine/4.15/DerivedDataCache/Boot.ddc.
[2017.06.17-12.19.43:208][  0]LogInit: Texture streaming: Enabled
[2017.06.17-12.19.43:285][  0]LogEngineSessionManager: EngineSessionManager initialized
[2017.06.17-12.19.43:372][  0]LogInit: Transaction tracking system initialized
[2017.06.17-12.19.43:711][  0]BlueprintLog: New page: Editor Load
[2017.06.17-12.19.44:553][  0]LocalizationService: Info Localization service is disabled
[2017.06.17-12.19.45:223][  0]LogConsoleResponse:Display: 
[2017.06.17-12.19.45:336][  0]LogCook:Display: Max memory allowance for cook 16384mb min free memory 0mb
[2017.06.17-12.19.45:336][  0]LogCook:Display: Mobile HDR setting 1
[2017.06.17-12.19.46:391][  0]LogFileCache: Scanning file cache for directory 'D:/Program Files/Unreal Engine/UE_4.15/Unreal Porjects/VRZaliczenie/Content/' took 0.02s
[2017.06.17-12.19.46:434][  0]SourceControl: Info Source control is disabled
[2017.06.17-12.19.46:435][  0]Cmd: MAP LOAD FILE="../../../Unreal Porjects/VRZaliczenie/Content/VirtualRealityBP/Maps/StartupMap.umap" TEMPLATE=0 SHOWPROGRESS=1 FEATURELEVEL=3
[2017.06.17-12.19.46:435][  0]LightingResults: New page: Lighting Build
[2017.06.17-12.19.46:477][  0]MapCheck: New page: Map Check
[2017.06.17-12.19.46:477][  0]LightingResults: New page: Lighting Build
[2017.06.17-12.19.46:547][  0]LogAIModule: Creating AISystem for world StartupMap
[2017.06.17-12.19.46:554][  0]LogEditorServer: Finished looking for orphan Actors (0.000 secs)
[2017.06.17-12.19.46:555][  0]Cmd: MAP CHECKDEP NOCLEARLOG
[2017.06.17-12.19.46:623][  0]MapCheck: Info Map check complete: 0 Error(s), 0 Warning(s), took 68.651ms to complete.
[2017.06.17-12.19.46:623][  0]LogFileHelpers: Loading map 'StartupMap' took 0.189
[2017.06.17-12.19.46:787][  0]LogCollectionManager: Loaded 0 collections in 0.002110 seconds
[2017.06.17-12.19.46:871][  0]LogFileCache: Scanning file cache for directory 'D:/Program Files/Unreal Engine/UE_4.15/Unreal Porjects/VRZaliczenie/Saved/Collections/' took 0.01s
[2017.06.17-12.19.46:871][  0]LogFileCache: Scanning file cache for directory 'D:/Program Files/Unreal Engine/UE_4.15/Unreal Porjects/VRZaliczenie/Content/Developers/Łukasz/Collections/' took 0.01s
[2017.06.17-12.19.46:871][  0]LogFileCache: Scanning file cache for directory 'D:/Program Files/Unreal Engine/UE_4.15/Unreal Porjects/VRZaliczenie/Content/Collections/' took 0.01s
[2017.06.17-12.19.46:871][  0]LogCollectionManager: Rebuilt the GUID cache for 0 collections in 0.000002 seconds
[2017.06.17-12.19.46:880][  0]LogContentBrowser: Native class hierarchy populated in 0.0095 seconds. Added 2244 classes and 450 folders.
[2017.06.17-12.19.46:884][  0]LogStats: UGameplayTagsManager::ConstructGameplayTagTree: Construct from data asset -  0.000 s
[2017.06.17-12.19.46:884][  0]LogStats: UGameplayTagsManager::ConstructGameplayTagTree: GameplayTagTreeChangedEvent.Broadcast -  0.000 s
[2017.06.17-12.19.46:945][  0]LogContentBrowser: Native class hierarchy updated for 'WidgetCarousel' in 0.0007 seconds. Added 0 classes and 0 folders.
[2017.06.17-12.19.47:024][  0]LogContentBrowser: Native class hierarchy updated for 'AddContentDialog' in 0.0007 seconds. Added 0 classes and 0 folders.
[2017.06.17-12.19.47:069][  0]LogContentBrowser: Native class hierarchy updated for 'SceneOutliner' in 0.0008 seconds. Added 1 classes and 2 folders.
[2017.06.17-12.19.47:188][  0]LogCrashTracker: Crashtracker disabled due to settings.
[2017.06.17-12.19.47:197][  0]LogUObjectGlobals:Warning: Failed to find object 'Class None.'
[2017.06.17-12.19.47:265][  0]LogContentBrowser: Native class hierarchy updated for 'HierarchicalLODOutliner' in 0.0007 seconds. Added 1 classes and 2 folders.
[2017.06.17-12.19.47:265][  0]LogLoad: (Engine Initialization) Total time: 17.41 seconds
[2017.06.17-12.19.47:265][  0]LogLoad: (Engine Initialization) Total Blueprint compile time: 0.04 seconds
[2017.06.17-12.19.47:265][  0]LogExternalProfiler: Found external profiler: VSPerf
[2017.06.17-12.19.47:265][  0]LogExternalProfiler: Using external profiler: VSPerf
[2017.06.17-12.19.47:605][  0]LogOcInput: OculusInput pre-init called
[2017.06.17-12.19.47:626][  0]LogContentStreaming: Texture pool size now 1000 MB
[2017.06.17-12.19.47:627][  0]LogSlate: Took 0.000436 seconds to synchronously load lazily loaded font '../../../Engine/Content/Slate/Fonts/Roboto-Regular.ttf' (155K)
[2017.06.17-12.19.47:630][  0]LogSlate: Took 0.000326 seconds to synchronously load lazily loaded font '../../../Engine/Content/Slate/Fonts/Roboto-Bold.ttf' (160K)
[2017.06.17-12.19.47:637][  0]LogSlate: Took 0.000409 seconds to synchronously load lazily loaded font '../../../Engine/Content/Editor/Slate/Fonts/FontAwesome.ttf' (139K)
[2017.06.17-12.19.47:758][  0]LogSlate: Took 0.000319 seconds to synchronously load lazily loaded font '../../../Engine/Content/Slate/Fonts/Roboto-Light.ttf' (159K)
[2017.06.17-12.19.47:806][  0]LogRenderer: Reallocating scene render targets to support 1228x636 NumSamples 1 (Frame:2).
[2017.06.17-12.19.47:860][  0]LogRenderer: Reallocating scene render targets to support 1388x848 NumSamples 1 (Frame:3).
[2017.06.17-12.19.47:945][  1]LogAssetRegistry: Asset discovery search completed in 9.4716 seconds
[2017.06.17-12.19.47:945][  1]LogCollectionManager: Rebuilt the object cache for 0 collections in 0.000004 seconds (found 0 objects)
[2017.06.17-12.19.47:945][  1]LogCollectionManager: Fixed up redirectors for 0 collections in 0.000016 seconds (updated 0 objects)
[2017.06.17-12.20.23:024][609]LogLinker:Warning: Can't find file '/Game/HWDUnreal/Grzibek/source/hushmosh'
[2017.06.17-12.20.23:024][609]LogPackageName:Error: Illegal call to DoesPackageExist: '/Game/HWDUnreal/Grzibek/source/hushmosh.fbm/Hush_mosh_texture_2' is not a standard unreal filename or a long path name. Reason: Path should be no less than 4 characters long.
[2017.06.17-12.20.23:283][609]LogStats: FPlatformStackWalk::StackWalkAndDump -  0.259 s
[2017.06.17-12.20.23:283][609]LogOutputDevice:Error: === Handled ensure: ===
[2017.06.17-12.20.23:283][609]LogOutputDevice:Error: 
[2017.06.17-12.20.23:283][609]LogOutputDevice:Error: Ensure condition failed: false [File:D:\Build\++UE4+Release-4.15+Compile\Sync\Engine\Source\Runtime\CoreUObject\Private\Misc\PackageName.cpp] [Line: 650]
[2017.06.17-12.20.23:283][609]LogOutputDevice:Error: Illegal call to DoesPackageExist: '/Game/HWDUnreal/Grzibek/source/hushmosh.fbm/Hush_mosh_texture_2' is not a standard unreal filename or a long path name. Reason: Path should be no less than 4 characters long.
[2017.06.17-12.20.23:283][609]LogOutputDevice:Error: Stack: 
[2017.06.17-12.20.23:283][609]LogOutputDevice:Error: UE4Editor-Core.dll!0x00000000923395D6
[2017.06.17-12.20.23:283][609]LogOutputDevice:Error: UE4Editor-Core.dll!0x00000000920E9B72
[2017.06.17-12.20.23:283][609]LogOutputDevice:Error: UE4Editor-Core.dll!0x00000000920FB656
[2017.06.17-12.20.23:283][609]LogOutputDevice:Error: UE4Editor-CoreUObject.dll!0x00000000B0CDA6B8
[2017.06.17-12.20.23:283][609]LogOutputDevice:Error: UE4Editor-ContentBrowser.dll!0x000000008408B9C1
[2017.06.17-12.20.23:283][609]LogOutputDevice:Error: UE4Editor-Slate.dll!0x00000000919F3BBB
[2017.06.17-12.20.23:283][609]LogOutputDevice:Error: UE4Editor-Slate.dll!0x00000000919C3E9E
[2017.06.17-12.20.23:283][609]LogOutputDevice:Error: UE4Editor-Slate.dll!0x0000000091A673B0
[2017.06.17-12.20.23:283][609]LogOutputDevice:Error: UE4Editor-Slate.dll!0x0000000091A51100
[2017.06.17-12.20.23:283][609]LogOutputDevice:Error: UE4Editor-Slate.dll!0x0000000091A3C08E
[2017.06.17-12.20.23:283][609]LogOutputDevice:Error: UE4Editor-Core.dll!0x000000009232AACD
[2017.06.17-12.20.23:283][609]LogOutputDevice:Error: UE4Editor-Core.dll!0x000000009234417D
[2017.06.17-12.20.23:283][609]LogOutputDevice:Error: ole32.dll!0x00000000CF31E0C8
[2017.06.17-12.20.23:283][609]LogOutputDevice:Error: RPCRT4.dll!0x00000000CD7B88D3
[2017.06.17-12.20.23:283][609]LogOutputDevice:Error: RPCRT4.dll!0x00000000CD81C93E
[2017.06.17-12.20.23:283][609]LogOutputDevice:Error: RPCRT4.dll!0x00000000CD7591A4
[2017.06.17-12.20.23:283][609]LogOutputDevice:Error: combase.dll!0x00000000CFC84D99
[2017.06.17-12.20.23:283][609]LogOutputDevice:Error: combase.dll!0x00000000CFD2795B
[2017.06.17-12.20.23:283][609]LogOutputDevice:Error: combase.dll!0x00000000CFD26286
[2017.06.17-12.20.23:283][609]LogOutputDevice:Error: combase.dll!0x00000000CFD2C75E
[2017.06.17-12.20.23:283][609]LogOutputDevice:Error: combase.dll!0x00000000CFD283FF
[2017.06.17-12.20.23:283][609]LogOutputDevice:Error: combase.dll!0x00000000CFD248AA
[2017.06.17-12.20.23:283][609]LogOutputDevice:Error: combase.dll!0x00000000CFCC3369
[2017.06.17-12.20.23:283][609]LogOutputDevice:Error: combase.dll!0x00000000CFCC2FE8
[2017.06.17-12.20.23:283][609]LogOutputDevice:Error: USER32.dll!0x00000000D00BBC50
[2017.06.17-12.20.23:283][609]LogOutputDevice:Error: USER32.dll!0x00000000D00BB5CF
[2017.06.17-12.20.23:283][609]LogOutputDevice:Error: UE4Editor-Core.dll!0x000000009232F316
[2017.06.17-12.20.23:283][609]LogOutputDevice:Error: UE4Editor.exe!0x0000000057F4D790
[2017.06.17-12.20.23:283][609]LogOutputDevice:Error: UE4Editor.exe!0x0000000057F3EB40
[2017.06.17-12.20.23:283][609]LogOutputDevice:Error: UE4Editor.exe!0x0000000057F3EBBA
[2017.06.17-12.20.23:283][609]LogOutputDevice:Error: UE4Editor.exe!0x0000000057F50A29
[2017.06.17-12.20.23:283][609]LogOutputDevice:Error: UE4Editor.exe!0x0000000057F522B6
[2017.06.17-12.20.23:283][609]LogOutputDevice:Error: KERNEL32.DLL!0x00000000CFB42774
[2017.06.17-12.20.23:283][609]LogOutputDevice:Error: ntdll.dll!0x00000000D0270D61
[2017.06.17-12.20.23:283][609]LogOutputDevice:Error: 
[2017.06.17-12.20.23:291][609]LogStats:                SubmitErrorReport -  0.000 s
